<?xml version="1.0" encoding="UTF-8"?>
<testsuite xmlns:xsi="http://www.w3.org/2001/XMLSchema-instance" xsi:noNamespaceSchemaLocation="https://maven.apache.org/surefire/maven-surefire-plugin/xsd/surefire-test-report-3.0.xsd" version="3.0" name="com.patecan.fullstackapp.repository.CustomerRepositoryTest" time="2.454" tests="4" errors="0" skipped="0" failures="0">
  <properties>
    <property name="java.specification.version" value="18"/>
    <property name="sun.jnu.encoding" value="UTF-8"/>
    <property name="java.class.path" value="/Volumes/Patecan Disk/Amigocode FullStack/Project Files/fullstack-app/target/test-classes:/Volumes/Patecan Disk/Amigocode FullStack/Project Files/fullstack-app/target/classes:/Users/trong/.m2/repository/org/postgresql/postgresql/42.6.0/postgresql-42.6.0.jar:/Users/trong/.m2/repository/org/checkerframework/checker-qual/3.31.0/checker-qual-3.31.0.jar:/Users/trong/.m2/repository/org/springframework/boot/spring-boot-starter-data-jpa/3.1.8/spring-boot-starter-data-jpa-3.1.8.jar:/Users/trong/.m2/repository/org/springframework/boot/spring-boot-starter-aop/3.1.8/spring-boot-starter-aop-3.1.8.jar:/Users/trong/.m2/repository/org/springframework/spring-aop/6.0.16/spring-aop-6.0.16.jar:/Users/trong/.m2/repository/org/aspectj/aspectjweaver/1.9.21/aspectjweaver-1.9.21.jar:/Users/trong/.m2/repository/org/springframework/boot/spring-boot-starter-jdbc/3.1.8/spring-boot-starter-jdbc-3.1.8.jar:/Users/trong/.m2/repository/com/zaxxer/HikariCP/5.0.1/HikariCP-5.0.1.jar:/Users/trong/.m2/repository/org/springframework/spring-jdbc/6.0.16/spring-jdbc-6.0.16.jar:/Users/trong/.m2/repository/org/hibernate/orm/hibernate-core/6.2.20.Final/hibernate-core-6.2.20.Final.jar:/Users/trong/.m2/repository/jakarta/persistence/jakarta.persistence-api/3.1.0/jakarta.persistence-api-3.1.0.jar:/Users/trong/.m2/repository/jakarta/transaction/jakarta.transaction-api/2.0.1/jakarta.transaction-api-2.0.1.jar:/Users/trong/.m2/repository/org/jboss/logging/jboss-logging/3.5.3.Final/jboss-logging-3.5.3.Final.jar:/Users/trong/.m2/repository/org/hibernate/common/hibernate-commons-annotations/6.0.6.Final/hibernate-commons-annotations-6.0.6.Final.jar:/Users/trong/.m2/repository/io/smallrye/jandex/3.0.5/jandex-3.0.5.jar:/Users/trong/.m2/repository/com/fasterxml/classmate/1.5.1/classmate-1.5.1.jar:/Users/trong/.m2/repository/net/bytebuddy/byte-buddy/1.14.11/byte-buddy-1.14.11.jar:/Users/trong/.m2/repository/org/glassfish/jaxb/jaxb-runtime/4.0.4/jaxb-runtime-4.0.4.jar:/Users/trong/.m2/repository/org/glassfish/jaxb/jaxb-core/4.0.4/jaxb-core-4.0.4.jar:/Users/trong/.m2/repository/org/eclipse/angus/angus-activation/2.0.1/angus-activation-2.0.1.jar:/Users/trong/.m2/repository/org/glassfish/jaxb/txw2/4.0.4/txw2-4.0.4.jar:/Users/trong/.m2/repository/com/sun/istack/istack-commons-runtime/4.1.2/istack-commons-runtime-4.1.2.jar:/Users/trong/.m2/repository/jakarta/inject/jakarta.inject-api/2.0.1/jakarta.inject-api-2.0.1.jar:/Users/trong/.m2/repository/org/antlr/antlr4-runtime/4.10.1/antlr4-runtime-4.10.1.jar:/Users/trong/.m2/repository/org/springframework/data/spring-data-jpa/3.1.8/spring-data-jpa-3.1.8.jar:/Users/trong/.m2/repository/org/springframework/data/spring-data-commons/3.1.8/spring-data-commons-3.1.8.jar:/Users/trong/.m2/repository/org/springframework/spring-orm/6.0.16/spring-orm-6.0.16.jar:/Users/trong/.m2/repository/org/springframework/spring-context/6.0.16/spring-context-6.0.16.jar:/Users/trong/.m2/repository/org/springframework/spring-tx/6.0.16/spring-tx-6.0.16.jar:/Users/trong/.m2/repository/org/springframework/spring-beans/6.0.16/spring-beans-6.0.16.jar:/Users/trong/.m2/repository/jakarta/annotation/jakarta.annotation-api/2.1.1/jakarta.annotation-api-2.1.1.jar:/Users/trong/.m2/repository/org/springframework/spring-aspects/6.0.16/spring-aspects-6.0.16.jar:/Users/trong/.m2/repository/org/springframework/boot/spring-boot-starter-web/3.1.8/spring-boot-starter-web-3.1.8.jar:/Users/trong/.m2/repository/org/springframework/boot/spring-boot-starter/3.1.8/spring-boot-starter-3.1.8.jar:/Users/trong/.m2/repository/org/springframework/boot/spring-boot-starter-logging/3.1.8/spring-boot-starter-logging-3.1.8.jar:/Users/trong/.m2/repository/ch/qos/logback/logback-classic/1.4.14/logback-classic-1.4.14.jar:/Users/trong/.m2/repository/ch/qos/logback/logback-core/1.4.14/logback-core-1.4.14.jar:/Users/trong/.m2/repository/org/apache/logging/log4j/log4j-to-slf4j/2.20.0/log4j-to-slf4j-2.20.0.jar:/Users/trong/.m2/repository/org/apache/logging/log4j/log4j-api/2.20.0/log4j-api-2.20.0.jar:/Users/trong/.m2/repository/org/slf4j/jul-to-slf4j/2.0.11/jul-to-slf4j-2.0.11.jar:/Users/trong/.m2/repository/org/yaml/snakeyaml/1.33/snakeyaml-1.33.jar:/Users/trong/.m2/repository/org/springframework/boot/spring-boot-starter-json/3.1.8/spring-boot-starter-json-3.1.8.jar:/Users/trong/.m2/repository/com/fasterxml/jackson/core/jackson-databind/2.15.3/jackson-databind-2.15.3.jar:/Users/trong/.m2/repository/com/fasterxml/jackson/datatype/jackson-datatype-jdk8/2.15.3/jackson-datatype-jdk8-2.15.3.jar:/Users/trong/.m2/repository/com/fasterxml/jackson/datatype/jackson-datatype-jsr310/2.15.3/jackson-datatype-jsr310-2.15.3.jar:/Users/trong/.m2/repository/com/fasterxml/jackson/module/jackson-module-parameter-names/2.15.3/jackson-module-parameter-names-2.15.3.jar:/Users/trong/.m2/repository/org/springframework/boot/spring-boot-starter-tomcat/3.1.8/spring-boot-starter-tomcat-3.1.8.jar:/Users/trong/.m2/repository/org/apache/tomcat/embed/tomcat-embed-core/10.1.18/tomcat-embed-core-10.1.18.jar:/Users/trong/.m2/repository/org/apache/tomcat/embed/tomcat-embed-el/10.1.18/tomcat-embed-el-10.1.18.jar:/Users/trong/.m2/repository/org/apache/tomcat/embed/tomcat-embed-websocket/10.1.18/tomcat-embed-websocket-10.1.18.jar:/Users/trong/.m2/repository/org/springframework/spring-web/6.0.16/spring-web-6.0.16.jar:/Users/trong/.m2/repository/io/micrometer/micrometer-observation/1.11.8/micrometer-observation-1.11.8.jar:/Users/trong/.m2/repository/io/micrometer/micrometer-commons/1.11.8/micrometer-commons-1.11.8.jar:/Users/trong/.m2/repository/org/springframework/spring-webmvc/6.0.16/spring-webmvc-6.0.16.jar:/Users/trong/.m2/repository/org/springframework/spring-expression/6.0.16/spring-expression-6.0.16.jar:/Users/trong/.m2/repository/org/springframework/boot/spring-boot-starter-data-jdbc/3.1.8/spring-boot-starter-data-jdbc-3.1.8.jar:/Users/trong/.m2/repository/org/springframework/data/spring-data-jdbc/3.1.8/spring-data-jdbc-3.1.8.jar:/Users/trong/.m2/repository/org/springframework/data/spring-data-relational/3.1.8/spring-data-relational-3.1.8.jar:/Users/trong/.m2/repository/org/flywaydb/flyway-core/9.16.3/flyway-core-9.16.3.jar:/Users/trong/.m2/repository/com/fasterxml/jackson/dataformat/jackson-dataformat-toml/2.15.3/jackson-dataformat-toml-2.15.3.jar:/Users/trong/.m2/repository/com/fasterxml/jackson/core/jackson-core/2.15.3/jackson-core-2.15.3.jar:/Users/trong/.m2/repository/org/apache/commons/commons-text/1.10.0/commons-text-1.10.0.jar:/Users/trong/.m2/repository/org/springframework/boot/spring-boot-devtools/3.1.8/spring-boot-devtools-3.1.8.jar:/Users/trong/.m2/repository/org/springframework/boot/spring-boot/3.1.8/spring-boot-3.1.8.jar:/Users/trong/.m2/repository/org/springframework/boot/spring-boot-autoconfigure/3.1.8/spring-boot-autoconfigure-3.1.8.jar:/Users/trong/.m2/repository/org/mariadb/jdbc/mariadb-java-client/3.1.4/mariadb-java-client-3.1.4.jar:/Users/trong/.m2/repository/com/github/waffle/waffle-jna/3.2.0/waffle-jna-3.2.0.jar:/Users/trong/.m2/repository/net/java/dev/jna/jna/5.12.1/jna-5.12.1.jar:/Users/trong/.m2/repository/net/java/dev/jna/jna-platform/5.12.1/jna-platform-5.12.1.jar:/Users/trong/.m2/repository/org/slf4j/jcl-over-slf4j/2.0.11/jcl-over-slf4j-2.0.11.jar:/Users/trong/.m2/repository/com/github/ben-manes/caffeine/caffeine/3.1.8/caffeine-3.1.8.jar:/Users/trong/.m2/repository/com/google/errorprone/error_prone_annotations/2.21.1/error_prone_annotations-2.21.1.jar:/Users/trong/.m2/repository/org/projectlombok/lombok/1.18.30/lombok-1.18.30.jar:/Users/trong/.m2/repository/org/springframework/boot/spring-boot-starter-test/3.1.8/spring-boot-starter-test-3.1.8.jar:/Users/trong/.m2/repository/org/springframework/boot/spring-boot-test/3.1.8/spring-boot-test-3.1.8.jar:/Users/trong/.m2/repository/org/springframework/boot/spring-boot-test-autoconfigure/3.1.8/spring-boot-test-autoconfigure-3.1.8.jar:/Users/trong/.m2/repository/com/jayway/jsonpath/json-path/2.8.0/json-path-2.8.0.jar:/Users/trong/.m2/repository/jakarta/xml/bind/jakarta.xml.bind-api/4.0.1/jakarta.xml.bind-api-4.0.1.jar:/Users/trong/.m2/repository/jakarta/activation/jakarta.activation-api/2.1.2/jakarta.activation-api-2.1.2.jar:/Users/trong/.m2/repository/net/minidev/json-smart/2.4.11/json-smart-2.4.11.jar:/Users/trong/.m2/repository/net/minidev/accessors-smart/2.4.11/accessors-smart-2.4.11.jar:/Users/trong/.m2/repository/org/ow2/asm/asm/9.3/asm-9.3.jar:/Users/trong/.m2/repository/org/assertj/assertj-core/3.24.2/assertj-core-3.24.2.jar:/Users/trong/.m2/repository/org/hamcrest/hamcrest/2.2/hamcrest-2.2.jar:/Users/trong/.m2/repository/org/mockito/mockito-core/5.3.1/mockito-core-5.3.1.jar:/Users/trong/.m2/repository/net/bytebuddy/byte-buddy-agent/1.14.11/byte-buddy-agent-1.14.11.jar:/Users/trong/.m2/repository/org/objenesis/objenesis/3.3/objenesis-3.3.jar:/Users/trong/.m2/repository/org/mockito/mockito-junit-jupiter/5.3.1/mockito-junit-jupiter-5.3.1.jar:/Users/trong/.m2/repository/org/skyscreamer/jsonassert/1.5.1/jsonassert-1.5.1.jar:/Users/trong/.m2/repository/com/vaadin/external/google/android-json/0.0.20131108.vaadin1/android-json-0.0.20131108.vaadin1.jar:/Users/trong/.m2/repository/org/springframework/spring-core/6.0.16/spring-core-6.0.16.jar:/Users/trong/.m2/repository/org/springframework/spring-jcl/6.0.16/spring-jcl-6.0.16.jar:/Users/trong/.m2/repository/org/springframework/spring-test/6.0.16/spring-test-6.0.16.jar:/Users/trong/.m2/repository/org/xmlunit/xmlunit-core/2.9.1/xmlunit-core-2.9.1.jar:/Users/trong/.m2/repository/org/springframework/security/spring-security-test/6.1.6/spring-security-test-6.1.6.jar:/Users/trong/.m2/repository/org/springframework/security/spring-security-core/6.1.6/spring-security-core-6.1.6.jar:/Users/trong/.m2/repository/org/springframework/security/spring-security-crypto/6.1.6/spring-security-crypto-6.1.6.jar:/Users/trong/.m2/repository/org/springframework/security/spring-security-web/6.1.6/spring-security-web-6.1.6.jar:/Users/trong/.m2/repository/org/junit/jupiter/junit-jupiter/5.8.1/junit-jupiter-5.8.1.jar:/Users/trong/.m2/repository/org/junit/jupiter/junit-jupiter-api/5.9.3/junit-jupiter-api-5.9.3.jar:/Users/trong/.m2/repository/org/opentest4j/opentest4j/1.2.0/opentest4j-1.2.0.jar:/Users/trong/.m2/repository/org/junit/platform/junit-platform-commons/1.9.3/junit-platform-commons-1.9.3.jar:/Users/trong/.m2/repository/org/apiguardian/apiguardian-api/1.1.2/apiguardian-api-1.1.2.jar:/Users/trong/.m2/repository/org/junit/jupiter/junit-jupiter-params/5.9.3/junit-jupiter-params-5.9.3.jar:/Users/trong/.m2/repository/org/junit/jupiter/junit-jupiter-engine/5.9.3/junit-jupiter-engine-5.9.3.jar:/Users/trong/.m2/repository/org/junit/platform/junit-platform-engine/1.9.3/junit-platform-engine-1.9.3.jar:/Users/trong/.m2/repository/org/testcontainers/testcontainers/1.19.6/testcontainers-1.19.6.jar:/Users/trong/.m2/repository/junit/junit/4.13.2/junit-4.13.2.jar:/Users/trong/.m2/repository/org/hamcrest/hamcrest-core/2.2/hamcrest-core-2.2.jar:/Users/trong/.m2/repository/org/slf4j/slf4j-api/2.0.11/slf4j-api-2.0.11.jar:/Users/trong/.m2/repository/org/apache/commons/commons-compress/1.24.0/commons-compress-1.24.0.jar:/Users/trong/.m2/repository/org/rnorth/duct-tape/duct-tape/1.0.8/duct-tape-1.0.8.jar:/Users/trong/.m2/repository/org/jetbrains/annotations/17.0.0/annotations-17.0.0.jar:/Users/trong/.m2/repository/com/github/docker-java/docker-java-api/3.3.5/docker-java-api-3.3.5.jar:/Users/trong/.m2/repository/com/fasterxml/jackson/core/jackson-annotations/2.15.3/jackson-annotations-2.15.3.jar:/Users/trong/.m2/repository/com/github/docker-java/docker-java-transport-zerodep/3.3.5/docker-java-transport-zerodep-3.3.5.jar:/Users/trong/.m2/repository/com/github/docker-java/docker-java-transport/3.3.5/docker-java-transport-3.3.5.jar:/Users/trong/.m2/repository/org/testcontainers/junit-jupiter/1.19.6/junit-jupiter-1.19.6.jar:/Users/trong/.m2/repository/org/testcontainers/postgresql/1.19.6/postgresql-1.19.6.jar:/Users/trong/.m2/repository/org/testcontainers/jdbc/1.18.3/jdbc-1.18.3.jar:/Users/trong/.m2/repository/org/testcontainers/database-commons/1.18.3/database-commons-1.18.3.jar:/Users/trong/.m2/repository/com/github/javafaker/javafaker/0.15/javafaker-0.15.jar:/Users/trong/.m2/repository/org/apache/commons/commons-lang3/3.12.0/commons-lang3-3.12.0.jar:/Users/trong/.m2/repository/org/yaml/snakeyaml/1.20/snakeyaml-1.20-android.jar:/Users/trong/.m2/repository/com/github/mifmif/generex/1.0.2/generex-1.0.2.jar:/Users/trong/.m2/repository/dk/brics/automaton/automaton/1.11-8/automaton-1.11-8.jar:/Users/trong/.m2/repository/org/springframework/boot/spring-boot-starter-webflux/3.1.8/spring-boot-starter-webflux-3.1.8.jar:/Users/trong/.m2/repository/org/springframework/boot/spring-boot-starter-reactor-netty/3.1.8/spring-boot-starter-reactor-netty-3.1.8.jar:/Users/trong/.m2/repository/io/projectreactor/netty/reactor-netty-http/1.1.15/reactor-netty-http-1.1.15.jar:/Users/trong/.m2/repository/io/netty/netty-codec-http/4.1.105.Final/netty-codec-http-4.1.105.Final.jar:/Users/trong/.m2/repository/io/netty/netty-common/4.1.105.Final/netty-common-4.1.105.Final.jar:/Users/trong/.m2/repository/io/netty/netty-buffer/4.1.105.Final/netty-buffer-4.1.105.Final.jar:/Users/trong/.m2/repository/io/netty/netty-transport/4.1.105.Final/netty-transport-4.1.105.Final.jar:/Users/trong/.m2/repository/io/netty/netty-codec/4.1.105.Final/netty-codec-4.1.105.Final.jar:/Users/trong/.m2/repository/io/netty/netty-handler/4.1.105.Final/netty-handler-4.1.105.Final.jar:/Users/trong/.m2/repository/io/netty/netty-codec-http2/4.1.105.Final/netty-codec-http2-4.1.105.Final.jar:/Users/trong/.m2/repository/io/netty/netty-resolver-dns/4.1.105.Final/netty-resolver-dns-4.1.105.Final.jar:/Users/trong/.m2/repository/io/netty/netty-resolver/4.1.105.Final/netty-resolver-4.1.105.Final.jar:/Users/trong/.m2/repository/io/netty/netty-codec-dns/4.1.105.Final/netty-codec-dns-4.1.105.Final.jar:/Users/trong/.m2/repository/io/netty/netty-resolver-dns-native-macos/4.1.105.Final/netty-resolver-dns-native-macos-4.1.105.Final-osx-x86_64.jar:/Users/trong/.m2/repository/io/netty/netty-resolver-dns-classes-macos/4.1.105.Final/netty-resolver-dns-classes-macos-4.1.105.Final.jar:/Users/trong/.m2/repository/io/netty/netty-transport-native-epoll/4.1.105.Final/netty-transport-native-epoll-4.1.105.Final-linux-x86_64.jar:/Users/trong/.m2/repository/io/netty/netty-transport-native-unix-common/4.1.105.Final/netty-transport-native-unix-common-4.1.105.Final.jar:/Users/trong/.m2/repository/io/netty/netty-transport-classes-epoll/4.1.105.Final/netty-transport-classes-epoll-4.1.105.Final.jar:/Users/trong/.m2/repository/io/projectreactor/netty/reactor-netty-core/1.1.15/reactor-netty-core-1.1.15.jar:/Users/trong/.m2/repository/io/netty/netty-handler-proxy/4.1.105.Final/netty-handler-proxy-4.1.105.Final.jar:/Users/trong/.m2/repository/io/netty/netty-codec-socks/4.1.105.Final/netty-codec-socks-4.1.105.Final.jar:/Users/trong/.m2/repository/org/springframework/spring-webflux/6.0.16/spring-webflux-6.0.16.jar:/Users/trong/.m2/repository/io/projectreactor/reactor-core/3.5.14/reactor-core-3.5.14.jar:/Users/trong/.m2/repository/org/reactivestreams/reactive-streams/1.0.4/reactive-streams-1.0.4.jar:"/>
    <property name="java.vm.vendor" value="Oracle Corporation"/>
    <property name="sun.arch.data.model" value="64"/>
    <property name="java.vendor.url" value="https://java.oracle.com/"/>
    <property name="user.timezone" value="Asia/Ho_Chi_Minh"/>
    <property name="org.jboss.logging.provider" value="slf4j"/>
    <property name="os.name" value="Mac OS X"/>
    <property name="java.vm.specification.version" value="18"/>
    <property name="sun.java.launcher" value="SUN_STANDARD"/>
    <property name="user.country" value="VN"/>
    <property name="sun.boot.library.path" value="/Users/trong/Library/Java/JavaVirtualMachines/openjdk-18.0.1.1/Contents/Home/lib"/>
    <property name="sun.java.command" value="/Volumes/Patecan Disk/Amigocode FullStack/Project Files/fullstack-app/target/surefire/surefirebooter-20240306114216431_3.jar /Volumes/Patecan Disk/Amigocode FullStack/Project Files/fullstack-app/target/surefire 2024-03-06T11-42-16_389-jvmRun1 surefire-20240306114216431_1tmp surefire_0-20240306114216431_2tmp"/>
    <property name="http.nonProxyHosts" value="local|*.local|169.254/16|*.169.254/16"/>
    <property name="jdk.debug" value="release"/>
    <property name="surefire.test.class.path" value="/Volumes/Patecan Disk/Amigocode FullStack/Project Files/fullstack-app/target/test-classes:/Volumes/Patecan Disk/Amigocode FullStack/Project Files/fullstack-app/target/classes:/Users/trong/.m2/repository/org/postgresql/postgresql/42.6.0/postgresql-42.6.0.jar:/Users/trong/.m2/repository/org/checkerframework/checker-qual/3.31.0/checker-qual-3.31.0.jar:/Users/trong/.m2/repository/org/springframework/boot/spring-boot-starter-data-jpa/3.1.8/spring-boot-starter-data-jpa-3.1.8.jar:/Users/trong/.m2/repository/org/springframework/boot/spring-boot-starter-aop/3.1.8/spring-boot-starter-aop-3.1.8.jar:/Users/trong/.m2/repository/org/springframework/spring-aop/6.0.16/spring-aop-6.0.16.jar:/Users/trong/.m2/repository/org/aspectj/aspectjweaver/1.9.21/aspectjweaver-1.9.21.jar:/Users/trong/.m2/repository/org/springframework/boot/spring-boot-starter-jdbc/3.1.8/spring-boot-starter-jdbc-3.1.8.jar:/Users/trong/.m2/repository/com/zaxxer/HikariCP/5.0.1/HikariCP-5.0.1.jar:/Users/trong/.m2/repository/org/springframework/spring-jdbc/6.0.16/spring-jdbc-6.0.16.jar:/Users/trong/.m2/repository/org/hibernate/orm/hibernate-core/6.2.20.Final/hibernate-core-6.2.20.Final.jar:/Users/trong/.m2/repository/jakarta/persistence/jakarta.persistence-api/3.1.0/jakarta.persistence-api-3.1.0.jar:/Users/trong/.m2/repository/jakarta/transaction/jakarta.transaction-api/2.0.1/jakarta.transaction-api-2.0.1.jar:/Users/trong/.m2/repository/org/jboss/logging/jboss-logging/3.5.3.Final/jboss-logging-3.5.3.Final.jar:/Users/trong/.m2/repository/org/hibernate/common/hibernate-commons-annotations/6.0.6.Final/hibernate-commons-annotations-6.0.6.Final.jar:/Users/trong/.m2/repository/io/smallrye/jandex/3.0.5/jandex-3.0.5.jar:/Users/trong/.m2/repository/com/fasterxml/classmate/1.5.1/classmate-1.5.1.jar:/Users/trong/.m2/repository/net/bytebuddy/byte-buddy/1.14.11/byte-buddy-1.14.11.jar:/Users/trong/.m2/repository/org/glassfish/jaxb/jaxb-runtime/4.0.4/jaxb-runtime-4.0.4.jar:/Users/trong/.m2/repository/org/glassfish/jaxb/jaxb-core/4.0.4/jaxb-core-4.0.4.jar:/Users/trong/.m2/repository/org/eclipse/angus/angus-activation/2.0.1/angus-activation-2.0.1.jar:/Users/trong/.m2/repository/org/glassfish/jaxb/txw2/4.0.4/txw2-4.0.4.jar:/Users/trong/.m2/repository/com/sun/istack/istack-commons-runtime/4.1.2/istack-commons-runtime-4.1.2.jar:/Users/trong/.m2/repository/jakarta/inject/jakarta.inject-api/2.0.1/jakarta.inject-api-2.0.1.jar:/Users/trong/.m2/repository/org/antlr/antlr4-runtime/4.10.1/antlr4-runtime-4.10.1.jar:/Users/trong/.m2/repository/org/springframework/data/spring-data-jpa/3.1.8/spring-data-jpa-3.1.8.jar:/Users/trong/.m2/repository/org/springframework/data/spring-data-commons/3.1.8/spring-data-commons-3.1.8.jar:/Users/trong/.m2/repository/org/springframework/spring-orm/6.0.16/spring-orm-6.0.16.jar:/Users/trong/.m2/repository/org/springframework/spring-context/6.0.16/spring-context-6.0.16.jar:/Users/trong/.m2/repository/org/springframework/spring-tx/6.0.16/spring-tx-6.0.16.jar:/Users/trong/.m2/repository/org/springframework/spring-beans/6.0.16/spring-beans-6.0.16.jar:/Users/trong/.m2/repository/jakarta/annotation/jakarta.annotation-api/2.1.1/jakarta.annotation-api-2.1.1.jar:/Users/trong/.m2/repository/org/springframework/spring-aspects/6.0.16/spring-aspects-6.0.16.jar:/Users/trong/.m2/repository/org/springframework/boot/spring-boot-starter-web/3.1.8/spring-boot-starter-web-3.1.8.jar:/Users/trong/.m2/repository/org/springframework/boot/spring-boot-starter/3.1.8/spring-boot-starter-3.1.8.jar:/Users/trong/.m2/repository/org/springframework/boot/spring-boot-starter-logging/3.1.8/spring-boot-starter-logging-3.1.8.jar:/Users/trong/.m2/repository/ch/qos/logback/logback-classic/1.4.14/logback-classic-1.4.14.jar:/Users/trong/.m2/repository/ch/qos/logback/logback-core/1.4.14/logback-core-1.4.14.jar:/Users/trong/.m2/repository/org/apache/logging/log4j/log4j-to-slf4j/2.20.0/log4j-to-slf4j-2.20.0.jar:/Users/trong/.m2/repository/org/apache/logging/log4j/log4j-api/2.20.0/log4j-api-2.20.0.jar:/Users/trong/.m2/repository/org/slf4j/jul-to-slf4j/2.0.11/jul-to-slf4j-2.0.11.jar:/Users/trong/.m2/repository/org/yaml/snakeyaml/1.33/snakeyaml-1.33.jar:/Users/trong/.m2/repository/org/springframework/boot/spring-boot-starter-json/3.1.8/spring-boot-starter-json-3.1.8.jar:/Users/trong/.m2/repository/com/fasterxml/jackson/core/jackson-databind/2.15.3/jackson-databind-2.15.3.jar:/Users/trong/.m2/repository/com/fasterxml/jackson/datatype/jackson-datatype-jdk8/2.15.3/jackson-datatype-jdk8-2.15.3.jar:/Users/trong/.m2/repository/com/fasterxml/jackson/datatype/jackson-datatype-jsr310/2.15.3/jackson-datatype-jsr310-2.15.3.jar:/Users/trong/.m2/repository/com/fasterxml/jackson/module/jackson-module-parameter-names/2.15.3/jackson-module-parameter-names-2.15.3.jar:/Users/trong/.m2/repository/org/springframework/boot/spring-boot-starter-tomcat/3.1.8/spring-boot-starter-tomcat-3.1.8.jar:/Users/trong/.m2/repository/org/apache/tomcat/embed/tomcat-embed-core/10.1.18/tomcat-embed-core-10.1.18.jar:/Users/trong/.m2/repository/org/apache/tomcat/embed/tomcat-embed-el/10.1.18/tomcat-embed-el-10.1.18.jar:/Users/trong/.m2/repository/org/apache/tomcat/embed/tomcat-embed-websocket/10.1.18/tomcat-embed-websocket-10.1.18.jar:/Users/trong/.m2/repository/org/springframework/spring-web/6.0.16/spring-web-6.0.16.jar:/Users/trong/.m2/repository/io/micrometer/micrometer-observation/1.11.8/micrometer-observation-1.11.8.jar:/Users/trong/.m2/repository/io/micrometer/micrometer-commons/1.11.8/micrometer-commons-1.11.8.jar:/Users/trong/.m2/repository/org/springframework/spring-webmvc/6.0.16/spring-webmvc-6.0.16.jar:/Users/trong/.m2/repository/org/springframework/spring-expression/6.0.16/spring-expression-6.0.16.jar:/Users/trong/.m2/repository/org/springframework/boot/spring-boot-starter-data-jdbc/3.1.8/spring-boot-starter-data-jdbc-3.1.8.jar:/Users/trong/.m2/repository/org/springframework/data/spring-data-jdbc/3.1.8/spring-data-jdbc-3.1.8.jar:/Users/trong/.m2/repository/org/springframework/data/spring-data-relational/3.1.8/spring-data-relational-3.1.8.jar:/Users/trong/.m2/repository/org/flywaydb/flyway-core/9.16.3/flyway-core-9.16.3.jar:/Users/trong/.m2/repository/com/fasterxml/jackson/dataformat/jackson-dataformat-toml/2.15.3/jackson-dataformat-toml-2.15.3.jar:/Users/trong/.m2/repository/com/fasterxml/jackson/core/jackson-core/2.15.3/jackson-core-2.15.3.jar:/Users/trong/.m2/repository/org/apache/commons/commons-text/1.10.0/commons-text-1.10.0.jar:/Users/trong/.m2/repository/org/springframework/boot/spring-boot-devtools/3.1.8/spring-boot-devtools-3.1.8.jar:/Users/trong/.m2/repository/org/springframework/boot/spring-boot/3.1.8/spring-boot-3.1.8.jar:/Users/trong/.m2/repository/org/springframework/boot/spring-boot-autoconfigure/3.1.8/spring-boot-autoconfigure-3.1.8.jar:/Users/trong/.m2/repository/org/mariadb/jdbc/mariadb-java-client/3.1.4/mariadb-java-client-3.1.4.jar:/Users/trong/.m2/repository/com/github/waffle/waffle-jna/3.2.0/waffle-jna-3.2.0.jar:/Users/trong/.m2/repository/net/java/dev/jna/jna/5.12.1/jna-5.12.1.jar:/Users/trong/.m2/repository/net/java/dev/jna/jna-platform/5.12.1/jna-platform-5.12.1.jar:/Users/trong/.m2/repository/org/slf4j/jcl-over-slf4j/2.0.11/jcl-over-slf4j-2.0.11.jar:/Users/trong/.m2/repository/com/github/ben-manes/caffeine/caffeine/3.1.8/caffeine-3.1.8.jar:/Users/trong/.m2/repository/com/google/errorprone/error_prone_annotations/2.21.1/error_prone_annotations-2.21.1.jar:/Users/trong/.m2/repository/org/projectlombok/lombok/1.18.30/lombok-1.18.30.jar:/Users/trong/.m2/repository/org/springframework/boot/spring-boot-starter-test/3.1.8/spring-boot-starter-test-3.1.8.jar:/Users/trong/.m2/repository/org/springframework/boot/spring-boot-test/3.1.8/spring-boot-test-3.1.8.jar:/Users/trong/.m2/repository/org/springframework/boot/spring-boot-test-autoconfigure/3.1.8/spring-boot-test-autoconfigure-3.1.8.jar:/Users/trong/.m2/repository/com/jayway/jsonpath/json-path/2.8.0/json-path-2.8.0.jar:/Users/trong/.m2/repository/jakarta/xml/bind/jakarta.xml.bind-api/4.0.1/jakarta.xml.bind-api-4.0.1.jar:/Users/trong/.m2/repository/jakarta/activation/jakarta.activation-api/2.1.2/jakarta.activation-api-2.1.2.jar:/Users/trong/.m2/repository/net/minidev/json-smart/2.4.11/json-smart-2.4.11.jar:/Users/trong/.m2/repository/net/minidev/accessors-smart/2.4.11/accessors-smart-2.4.11.jar:/Users/trong/.m2/repository/org/ow2/asm/asm/9.3/asm-9.3.jar:/Users/trong/.m2/repository/org/assertj/assertj-core/3.24.2/assertj-core-3.24.2.jar:/Users/trong/.m2/repository/org/hamcrest/hamcrest/2.2/hamcrest-2.2.jar:/Users/trong/.m2/repository/org/mockito/mockito-core/5.3.1/mockito-core-5.3.1.jar:/Users/trong/.m2/repository/net/bytebuddy/byte-buddy-agent/1.14.11/byte-buddy-agent-1.14.11.jar:/Users/trong/.m2/repository/org/objenesis/objenesis/3.3/objenesis-3.3.jar:/Users/trong/.m2/repository/org/mockito/mockito-junit-jupiter/5.3.1/mockito-junit-jupiter-5.3.1.jar:/Users/trong/.m2/repository/org/skyscreamer/jsonassert/1.5.1/jsonassert-1.5.1.jar:/Users/trong/.m2/repository/com/vaadin/external/google/android-json/0.0.20131108.vaadin1/android-json-0.0.20131108.vaadin1.jar:/Users/trong/.m2/repository/org/springframework/spring-core/6.0.16/spring-core-6.0.16.jar:/Users/trong/.m2/repository/org/springframework/spring-jcl/6.0.16/spring-jcl-6.0.16.jar:/Users/trong/.m2/repository/org/springframework/spring-test/6.0.16/spring-test-6.0.16.jar:/Users/trong/.m2/repository/org/xmlunit/xmlunit-core/2.9.1/xmlunit-core-2.9.1.jar:/Users/trong/.m2/repository/org/springframework/security/spring-security-test/6.1.6/spring-security-test-6.1.6.jar:/Users/trong/.m2/repository/org/springframework/security/spring-security-core/6.1.6/spring-security-core-6.1.6.jar:/Users/trong/.m2/repository/org/springframework/security/spring-security-crypto/6.1.6/spring-security-crypto-6.1.6.jar:/Users/trong/.m2/repository/org/springframework/security/spring-security-web/6.1.6/spring-security-web-6.1.6.jar:/Users/trong/.m2/repository/org/junit/jupiter/junit-jupiter/5.8.1/junit-jupiter-5.8.1.jar:/Users/trong/.m2/repository/org/junit/jupiter/junit-jupiter-api/5.9.3/junit-jupiter-api-5.9.3.jar:/Users/trong/.m2/repository/org/opentest4j/opentest4j/1.2.0/opentest4j-1.2.0.jar:/Users/trong/.m2/repository/org/junit/platform/junit-platform-commons/1.9.3/junit-platform-commons-1.9.3.jar:/Users/trong/.m2/repository/org/apiguardian/apiguardian-api/1.1.2/apiguardian-api-1.1.2.jar:/Users/trong/.m2/repository/org/junit/jupiter/junit-jupiter-params/5.9.3/junit-jupiter-params-5.9.3.jar:/Users/trong/.m2/repository/org/junit/jupiter/junit-jupiter-engine/5.9.3/junit-jupiter-engine-5.9.3.jar:/Users/trong/.m2/repository/org/junit/platform/junit-platform-engine/1.9.3/junit-platform-engine-1.9.3.jar:/Users/trong/.m2/repository/org/testcontainers/testcontainers/1.19.6/testcontainers-1.19.6.jar:/Users/trong/.m2/repository/junit/junit/4.13.2/junit-4.13.2.jar:/Users/trong/.m2/repository/org/hamcrest/hamcrest-core/2.2/hamcrest-core-2.2.jar:/Users/trong/.m2/repository/org/slf4j/slf4j-api/2.0.11/slf4j-api-2.0.11.jar:/Users/trong/.m2/repository/org/apache/commons/commons-compress/1.24.0/commons-compress-1.24.0.jar:/Users/trong/.m2/repository/org/rnorth/duct-tape/duct-tape/1.0.8/duct-tape-1.0.8.jar:/Users/trong/.m2/repository/org/jetbrains/annotations/17.0.0/annotations-17.0.0.jar:/Users/trong/.m2/repository/com/github/docker-java/docker-java-api/3.3.5/docker-java-api-3.3.5.jar:/Users/trong/.m2/repository/com/fasterxml/jackson/core/jackson-annotations/2.15.3/jackson-annotations-2.15.3.jar:/Users/trong/.m2/repository/com/github/docker-java/docker-java-transport-zerodep/3.3.5/docker-java-transport-zerodep-3.3.5.jar:/Users/trong/.m2/repository/com/github/docker-java/docker-java-transport/3.3.5/docker-java-transport-3.3.5.jar:/Users/trong/.m2/repository/org/testcontainers/junit-jupiter/1.19.6/junit-jupiter-1.19.6.jar:/Users/trong/.m2/repository/org/testcontainers/postgresql/1.19.6/postgresql-1.19.6.jar:/Users/trong/.m2/repository/org/testcontainers/jdbc/1.18.3/jdbc-1.18.3.jar:/Users/trong/.m2/repository/org/testcontainers/database-commons/1.18.3/database-commons-1.18.3.jar:/Users/trong/.m2/repository/com/github/javafaker/javafaker/0.15/javafaker-0.15.jar:/Users/trong/.m2/repository/org/apache/commons/commons-lang3/3.12.0/commons-lang3-3.12.0.jar:/Users/trong/.m2/repository/org/yaml/snakeyaml/1.20/snakeyaml-1.20-android.jar:/Users/trong/.m2/repository/com/github/mifmif/generex/1.0.2/generex-1.0.2.jar:/Users/trong/.m2/repository/dk/brics/automaton/automaton/1.11-8/automaton-1.11-8.jar:/Users/trong/.m2/repository/org/springframework/boot/spring-boot-starter-webflux/3.1.8/spring-boot-starter-webflux-3.1.8.jar:/Users/trong/.m2/repository/org/springframework/boot/spring-boot-starter-reactor-netty/3.1.8/spring-boot-starter-reactor-netty-3.1.8.jar:/Users/trong/.m2/repository/io/projectreactor/netty/reactor-netty-http/1.1.15/reactor-netty-http-1.1.15.jar:/Users/trong/.m2/repository/io/netty/netty-codec-http/4.1.105.Final/netty-codec-http-4.1.105.Final.jar:/Users/trong/.m2/repository/io/netty/netty-common/4.1.105.Final/netty-common-4.1.105.Final.jar:/Users/trong/.m2/repository/io/netty/netty-buffer/4.1.105.Final/netty-buffer-4.1.105.Final.jar:/Users/trong/.m2/repository/io/netty/netty-transport/4.1.105.Final/netty-transport-4.1.105.Final.jar:/Users/trong/.m2/repository/io/netty/netty-codec/4.1.105.Final/netty-codec-4.1.105.Final.jar:/Users/trong/.m2/repository/io/netty/netty-handler/4.1.105.Final/netty-handler-4.1.105.Final.jar:/Users/trong/.m2/repository/io/netty/netty-codec-http2/4.1.105.Final/netty-codec-http2-4.1.105.Final.jar:/Users/trong/.m2/repository/io/netty/netty-resolver-dns/4.1.105.Final/netty-resolver-dns-4.1.105.Final.jar:/Users/trong/.m2/repository/io/netty/netty-resolver/4.1.105.Final/netty-resolver-4.1.105.Final.jar:/Users/trong/.m2/repository/io/netty/netty-codec-dns/4.1.105.Final/netty-codec-dns-4.1.105.Final.jar:/Users/trong/.m2/repository/io/netty/netty-resolver-dns-native-macos/4.1.105.Final/netty-resolver-dns-native-macos-4.1.105.Final-osx-x86_64.jar:/Users/trong/.m2/repository/io/netty/netty-resolver-dns-classes-macos/4.1.105.Final/netty-resolver-dns-classes-macos-4.1.105.Final.jar:/Users/trong/.m2/repository/io/netty/netty-transport-native-epoll/4.1.105.Final/netty-transport-native-epoll-4.1.105.Final-linux-x86_64.jar:/Users/trong/.m2/repository/io/netty/netty-transport-native-unix-common/4.1.105.Final/netty-transport-native-unix-common-4.1.105.Final.jar:/Users/trong/.m2/repository/io/netty/netty-transport-classes-epoll/4.1.105.Final/netty-transport-classes-epoll-4.1.105.Final.jar:/Users/trong/.m2/repository/io/projectreactor/netty/reactor-netty-core/1.1.15/reactor-netty-core-1.1.15.jar:/Users/trong/.m2/repository/io/netty/netty-handler-proxy/4.1.105.Final/netty-handler-proxy-4.1.105.Final.jar:/Users/trong/.m2/repository/io/netty/netty-codec-socks/4.1.105.Final/netty-codec-socks-4.1.105.Final.jar:/Users/trong/.m2/repository/org/springframework/spring-webflux/6.0.16/spring-webflux-6.0.16.jar:/Users/trong/.m2/repository/io/projectreactor/reactor-core/3.5.14/reactor-core-3.5.14.jar:/Users/trong/.m2/repository/org/reactivestreams/reactive-streams/1.0.4/reactive-streams-1.0.4.jar:"/>
    <property name="sun.cpu.endian" value="little"/>
    <property name="user.home" value="/Users/trong"/>
    <property name="user.language" value="en"/>
    <property name="java.specification.vendor" value="Oracle Corporation"/>
    <property name="java.version.date" value="2022-04-22"/>
    <property name="java.home" value="/Users/trong/Library/Java/JavaVirtualMachines/openjdk-18.0.1.1/Contents/Home"/>
    <property name="file.separator" value="/"/>
    <property name="basedir" value="/Volumes/Patecan Disk/Amigocode FullStack/Project Files/fullstack-app"/>
    <property name="java.vm.compressedOopsMode" value="Zero based"/>
    <property name="line.separator" value="&#10;"/>
    <property name="java.vm.specification.vendor" value="Oracle Corporation"/>
    <property name="java.specification.name" value="Java Platform API Specification"/>
    <property name="FILE_LOG_CHARSET" value="UTF-8"/>
    <property name="java.awt.headless" value="true"/>
    <property name="apple.awt.application.name" value="ForkedBooter"/>
    <property name="surefire.real.class.path" value="/Volumes/Patecan Disk/Amigocode FullStack/Project Files/fullstack-app/target/surefire/surefirebooter-20240306114216431_3.jar"/>
    <property name="sun.management.compiler" value="HotSpot 64-Bit Tiered Compilers"/>
    <property name="ftp.nonProxyHosts" value="local|*.local|169.254/16|*.169.254/16"/>
    <property name="java.runtime.version" value="18.0.1.1+2-6"/>
    <property name="user.name" value="trong"/>
    <property name="path.separator" value=":"/>
    <property name="os.version" value="14.1.1"/>
    <property name="java.runtime.name" value="OpenJDK Runtime Environment"/>
    <property name="file.encoding" value="UTF-8"/>
    <property name="java.vm.name" value="OpenJDK 64-Bit Server VM"/>
    <property name="localRepository" value="/Users/trong/.m2/repository"/>
    <property name="java.vendor.url.bug" value="https://bugreport.java.com/bugreport/"/>
    <property name="java.io.tmpdir" value="/var/folders/mq/6tkpwlv131jcc6qdg4hpj1p00000gn/T/"/>
    <property name="com.zaxxer.hikari.pool_number" value="3"/>
    <property name="java.version" value="18.0.1.1"/>
    <property name="user.dir" value="/Volumes/Patecan Disk/Amigocode FullStack/Project Files/fullstack-app"/>
    <property name="os.arch" value="aarch64"/>
    <property name="java.vm.specification.name" value="Java Virtual Machine Specification"/>
    <property name="PID" value="67371"/>
    <property name="CONSOLE_LOG_CHARSET" value="UTF-8"/>
    <property name="native.encoding" value="UTF-8"/>
    <property name="java.library.path" value="/Users/trong/Library/Java/Extensions:/Library/Java/Extensions:/Network/Library/Java/Extensions:/System/Library/Java/Extensions:/usr/lib/java:."/>
    <property name="java.vm.info" value="mixed mode, sharing"/>
    <property name="java.vendor" value="Oracle Corporation"/>
    <property name="java.vm.version" value="18.0.1.1+2-6"/>
    <property name="sun.io.unicode.encoding" value="UnicodeBig"/>
    <property name="socksNonProxyHosts" value="local|*.local|169.254/16|*.169.254/16"/>
    <property name="java.class.version" value="62.0"/>
  </properties>
  <testcase name="checkExistedEmail" classname="com.patecan.fullstackapp.repository.CustomerRepositoryTest" time="0.012">
    <system-out><![CDATA[11:42:19.558 [main] INFO tc.postgres:15 -- Creating container for image: postgres:15
11:42:19.597 [main] INFO tc.postgres:15 -- Container postgres:15 is starting: 47551d7c35f6c28de8c3cbf81ef3d0dc4e9cc860cc5c268b05c08bdf62221631
11:42:20.353 [main] INFO tc.postgres:15 -- Container postgres:15 started in PT0.795014S
11:42:20.354 [main] INFO tc.postgres:15 -- Container is started (JDBC URL: jdbc:postgresql://localhost:65312/test?loggerLevel=OFF)
11:42:20.414 [main] INFO org.springframework.test.context.support.AnnotationConfigContextLoaderUtils -- Could not detect default configuration classes for test class [com.patecan.fullstackapp.repository.CustomerRepositoryTest]: CustomerRepositoryTest does not declare any static, non-private, non-final, nested classes annotated with @Configuration.
11:42:20.477 [main] INFO org.springframework.boot.test.context.SpringBootTestContextBootstrapper -- Found @SpringBootConfiguration com.patecan.fullstackapp.Main for test class com.patecan.fullstackapp.repository.CustomerRepositoryTest
11:42:20.554 [main] INFO org.flywaydb.core.internal.database.base.BaseDatabaseType -- Database: jdbc:postgresql://localhost:65312/test (PostgreSQL 15.6)
11:42:20.567 [main] INFO org.flywaydb.core.internal.schemahistory.JdbcTableSchemaHistory -- Schema history table "public"."flyway_schema_history" does not exist yet
11:42:20.568 [main] INFO org.flywaydb.core.internal.command.DbValidate -- Successfully validated 3 migrations (execution time 00:00.004s)
11:42:20.582 [main] INFO org.flywaydb.core.internal.schemahistory.JdbcTableSchemaHistory -- Creating Schema History table "public"."flyway_schema_history" ...
11:42:20.611 [main] INFO org.flywaydb.core.internal.command.DbMigrate -- Current version of schema "public": << Empty Schema >>
11:42:20.614 [main] INFO org.flywaydb.core.internal.command.DbMigrate -- Migrating schema "public" to version "1 - Initial Setup"
11:42:20.625 [main] INFO org.flywaydb.core.internal.command.DbMigrate -- Migrating schema "public" to version "2 - Customer Table"
11:42:20.635 [main] INFO org.flywaydb.core.internal.command.DbMigrate -- Migrating schema "public" to version "3 - Add Country Column To Customer Table"
11:42:20.642 [main] INFO org.flywaydb.core.internal.command.DbMigrate -- Successfully applied 3 migrations to schema "public", now at version v3 (execution time 00:00.034s)
11:42:20.671 [main] INFO org.springframework.boot.devtools.restart.RestartApplicationListener -- Restart disabled due to context in which it is running

  .   ____          _            __ _ _
 /\\ / ___'_ __ _ _(_)_ __  __ _ \ \ \ \
( ( )\___ | '_ | '_| | '_ \/ _` | \ \ \ \
 \\/  ___)| |_)| | | | | || (_| |  ) ) ) )
  '  |____| .__|_| |_|_| |_\__, | / / / /
 =========|_|==============|___/=/_/_/_/
 :: Spring Boot ::                (v3.1.8)

2024-03-06T11:42:20.825+07:00  INFO 67371 --- [           main] c.p.f.repository.CustomerRepositoryTest  : Starting CustomerRepositoryTest using Java 18.0.1.1 with PID 67371 (started by trong in /Volumes/Patecan Disk/Amigocode FullStack/Project Files/fullstack-app)
2024-03-06T11:42:20.826+07:00  INFO 67371 --- [           main] c.p.f.repository.CustomerRepositoryTest  : No active profile set, falling back to 1 default profile: "default"
2024-03-06T11:42:20.959+07:00  INFO 67371 --- [           main] .s.d.r.c.RepositoryConfigurationDelegate : Multiple Spring Data modules found, entering strict repository configuration mode
2024-03-06T11:42:20.960+07:00  INFO 67371 --- [           main] .s.d.r.c.RepositoryConfigurationDelegate : Bootstrapping Spring Data JPA repositories in DEFAULT mode.
2024-03-06T11:42:21.033+07:00  INFO 67371 --- [           main] .s.d.r.c.RepositoryConfigurationDelegate : Finished Spring Data repository scanning in 68 ms. Found 1 JPA repository interface.
2024-03-06T11:42:21.164+07:00  INFO 67371 --- [           main] o.hibernate.jpa.internal.util.LogHelper  : HHH000204: Processing PersistenceUnitInfo [name: default]
2024-03-06T11:42:21.187+07:00  INFO 67371 --- [           main] org.hibernate.Version                    : HHH000412: Hibernate ORM core version 6.2.20.Final
2024-03-06T11:42:21.188+07:00  INFO 67371 --- [           main] org.hibernate.cfg.Environment            : HHH000406: Using bytecode reflection optimizer
2024-03-06T11:42:21.244+07:00  INFO 67371 --- [           main] o.s.o.j.p.SpringPersistenceUnitInfo      : No LoadTimeWeaver setup: ignoring JPA class transformer
2024-03-06T11:42:21.255+07:00  INFO 67371 --- [           main] com.zaxxer.hikari.HikariDataSource       : HikariPool-3 - Starting...
2024-03-06T11:42:21.275+07:00  INFO 67371 --- [           main] com.zaxxer.hikari.pool.HikariPool        : HikariPool-3 - Added connection org.postgresql.jdbc.PgConnection@31b7112d
2024-03-06T11:42:21.276+07:00  INFO 67371 --- [           main] com.zaxxer.hikari.HikariDataSource       : HikariPool-3 - Start completed.
2024-03-06T11:42:21.291+07:00  WARN 67371 --- [           main] org.hibernate.orm.deprecation            : HHH90000025: PostgreSQLDialect does not need to be specified explicitly using 'hibernate.dialect' (remove the property setting and it will be selected by default)
2024-03-06T11:42:21.573+07:00  INFO 67371 --- [           main] o.h.e.t.j.p.i.JtaPlatformInitiator       : HHH000489: No JTA platform available (set 'hibernate.transaction.jta.platform' to enable JTA platform integration)
2024-03-06T11:42:21.605+07:00  INFO 67371 --- [           main] j.LocalContainerEntityManagerFactoryBean : Initialized JPA EntityManagerFactory for persistence unit 'default'
2024-03-06T11:42:21.611+07:00  WARN 67371 --- [           main] JpaBaseConfiguration$JpaWebConfiguration : spring.jpa.open-in-view is enabled by default. Therefore, database queries may be performed during view rendering. Explicitly configure spring.jpa.open-in-view to disable this warning
2024-03-06T11:42:21.768+07:00  INFO 67371 --- [           main] c.p.f.repository.CustomerRepositoryTest  : Started CustomerRepositoryTest in 1.102 seconds (process running for 5.293)
]]></system-out>
  </testcase>
  <testcase name="selectAllCustomers" classname="com.patecan.fullstackapp.repository.CustomerRepositoryTest" time="0.075">
    <system-out><![CDATA[Hibernate: 
    insert 
    into
        customer
        (age,email,name) 
    values
        (?,?,?)
Hibernate: 
    select
        c1_0.id,
        c1_0.age,
        c1_0.email,
        c1_0.name 
    from
        customer c1_0
]]></system-out>
  </testcase>
  <testcase name="selectCustomerById" classname="com.patecan.fullstackapp.repository.CustomerRepositoryTest" time="0.008">
    <system-out><![CDATA[Hibernate: 
    insert 
    into
        customer
        (age,email,name) 
    values
        (?,?,?)
Hibernate: 
    select
        c1_0.id,
        c1_0.age,
        c1_0.email,
        c1_0.name 
    from
        customer c1_0
]]></system-out>
  </testcase>
  <testcase name="insertCustomer" classname="com.patecan.fullstackapp.repository.CustomerRepositoryTest" time="0.001"/>
</testsuite>